[debug] [2022-04-30T11:36:15.476Z] ----------------------------------------------------------------------
[debug] [2022-04-30T11:36:15.478Z] Command:       C:\Program Files\nodejs\node.exe C:\Users\X.Y.Z\AppData\Roaming\npm\node_modules\firebase-tools\lib\bin\firebase.js init
[debug] [2022-04-30T11:36:15.479Z] CLI Version:   10.7.0
[debug] [2022-04-30T11:36:15.479Z] Platform:      win32
[debug] [2022-04-30T11:36:15.479Z] Node Version:  v16.13.2
[debug] [2022-04-30T11:36:15.480Z] Time:          Sat Apr 30 2022 16:36:15 GMT+0500 (Pakistan Standard Time)
[debug] [2022-04-30T11:36:15.481Z] ----------------------------------------------------------------------
[debug] 
[debug] [2022-04-30T11:36:15.564Z] > command requires scopes: ["email","openid","https://www.googleapis.com/auth/cloudplatformprojects.readonly","https://www.googleapis.com/auth/firebase","https://www.googleapis.com/auth/cloud-platform"]
[debug] [2022-04-30T11:36:15.565Z] > authorizing via signed-in user (abdullah.khan53145@gmail.com)
[info] 
     ######## #### ########  ######## ########     ###     ######  ########
     ##        ##  ##     ## ##       ##     ##  ##   ##  ##       ##
     ######    ##  ########  ######   ########  #########  ######  ######
     ##        ##  ##    ##  ##       ##     ## ##     ##       ## ##
     ##       #### ##     ## ######## ########  ##     ##  ######  ########

You're about to initialize a Firebase project in this directory:

  D:\React\Projects\Projects\Project-5 Facebook clone\facebook-clone

Before we get started, keep in mind:

  * You are initializing within an existing Firebase project directory

